Arguments: 
  D:\Programmes\NodeJS\node.exe D:\Programmes\Yarn\bin\yarn.js remove -r lint-staged

PATH: 
  C:\WINDOWS\system32;C:\WINDOWS;C:\WINDOWS\System32\Wbem;C:\WINDOWS\System32\WindowsPowerShell\v1.0\;C:\Program Files\Java\jdk1.8.0_152\bin;C:\Program Files\Java\jre1.8.0_161\bin;C:\Program Files\Java;D:\Programmes\Brackets\command;C:\Program Files\Git\cmd;D:\Programmes\Yarn\bin\;D:\Programmes\NodeJS\;C:\Users\Dong Quyet\AppData\Local\Microsoft\WindowsApps;C:\Users\Dong Quyet\AppData\Local\GitHubDesktop\bin;C:\Users\Dong Quyet\AppData\Local\Microsoft\WindowsApps;C:\Program Files\Java;;F:\Programs\Microsoft VS Code\bin;C:\Users\Dong Quyet\AppData\Local\Yarn\bin;C:\Users\Dong Quyet\AppData\Roaming\npm

Yarn version: 
  1.5.1

Node version: 
  9.11.1

Platform: 
  win32 x64

npm manifest: 
  No manifest

yarn manifest: 
  No manifest

Lockfile: 
  No lockfile

Trace: 
  Error: No lockfile in this directory. Run `yarn install` to generate one.
      at new MessageError (D:\Programmes\Yarn\lib\cli.js:186:110)
      at D:\Programmes\Yarn\lib\cli.js:89389:13
      at <anonymous>
